<?xml version="1.0" encoding="UTF-8"?>
<!-- Generated by org.testng.reporters.JUnitReportReporter -->
<testsuite hostname="auhumanpc" failures="0" tests="1" name="Apptest" time="0.015" errors="0" timestamp="04 Oct 2019 12:53:03 GMT" skipped="0">
  <testcase classname="Apptest" name="testApp" time="0.015"/>
</testsuite> <!-- Apptest -->
